
Clover Version    1.300
       MPI Version
    OpenMP Version
   Task Count      1
 Thread Count:     1

 Clover will run from the following input:-

*clover                                                                                             
 state 1 density=0.2 energy=1.0                                                                     
 state 2 density=1.0 energy=2.5 geometry=rectangle xmin=0.0 xmax=5.0 ymin=0.0 ymax=2.0              
 x_cells=10                                                                                         
 y_cells=2                                                                                          
 xmin=0.0                                                                                           
 ymin=0.0                                                                                           
 xmax=10.0                                                                                          
 ymax=2.0                                                                                           
 initial_timestep=0.04                                                                              
 timestep_rise=1.5                                                                                  
 max_timestep=0.04                                                                                  
 end_time=3.0                                                                                       
 test_problem 1                                                                                     
*endclover                                                                                          

 Initialising and generating

 Reading input file

 Reading specification for state            1

            state density   0.2000E+00
             state energy   0.1000E+01

 Reading specification for state            2

            state density   0.1000E+01
             state energy   0.2500E+01
 state geometry rectangular
               state xmin   0.0000E+00
               state xmax   0.5000E+01
               state ymin   0.0000E+00
               state ymax   0.2000E+01

                   x_cells          10
                   y_cells           2
                      xmin  0.0000E+00
                      ymin  0.0000E+00
                      xmax  0.1000E+02
                      ymax  0.2000E+01
         initial_timestep   0.4000E-01
             timestep_rise  0.1500E+01
              max_timestep  0.4000E-01
                  end_time  0.3000E+01
              test_problem           1

     Using Fortran Kernels

 Input read finished.

 Setting up initial geometry


 Mesh ratio of    5.0000000000000000     
 Decomposing the mesh into            1  by            1  chunks
 Decomposing the chunk with            1  tiles

 Generating chunks

 Problem initialised and generated

 Time    0.0000000000000000     
                       Volume            Mass         Density        Pressure Internal Energy  Kinetic Energy    Total Energy
 step:      0      0.2000E+02      0.1200E+02      0.6000E+00      0.5400E+00      0.2700E+02      0.0000E+00      0.2700E+02

 Starting the calculation
 Step       1 time   0.0000000 control    sound    timestep   4.00E-02       1,       1 x  5.00E-01 y  5.00E-01
 Wall clock    9.2999999999999984E-005
 Average time per cell    4.6499999999999995E-006
 Step time per cell       4.6499999999999995E-006
 Step       2 time   0.0400000 control    sound    timestep   4.00E-02       1,       1 x  5.00E-01 y  5.00E-01
 Wall clock    1.8900000000000015E-004
 Average time per cell    4.7250000000000039E-006
 Step time per cell       3.9000000000000084E-006
 Step       3 time   0.0800000 control    sound    timestep   4.00E-02       1,       1 x  5.00E-01 y  5.00E-01
 Wall clock    2.8200000000000013E-004
 Average time per cell    4.7000000000000024E-006
 Step time per cell       3.8000000000000055E-006
 Step       4 time   0.1200000 control    sound    timestep   4.00E-02       1,       1 x  5.00E-01 y  5.00E-01
 Wall clock    3.7300000000000007E-004
 Average time per cell    4.6625000000000007E-006
